<?xml version="1.0" encoding="UTF-8"?>
<testsuite name="LibraryTest" tests="1" skipped="0" failures="0" errors="0" timestamp="2016-12-12T00:39:49" hostname="DESKTOP-H74978B" time="0.0">
  <properties/>
  <testcase name="testSomeLibraryMethod" classname="LibraryTest" time="0.0"/>
  <system-out><![CDATA[EjecuciÃ³n de test
]]></system-out>
  <system-err><![CDATA[]]></system-err>
</testsuite>
